# JRE version: Java(TM) SE Runtime Environment (8.0_331-b09) (build 1.8.0_331-b09)
# Java VM: Java HotSpot(TM) 64-Bit Server VM (25.331-b09 mixed mode windows-amd64 compressed oops)
Heap:
 garbage-first heap   total 262144K, used 36964K [0x0000000080000000, 0x0000000082000040, 0x0000000100000000)
  region size 32768K, 2 young (65536K), 1 survivors (32768K)
 Metaspace       used 21727K, capacity 21941K, committed 22400K, reserved 1069056K
  class space    used 2778K, capacity 2821K, committed 2944K, reserved 1048576K
GC Heap History (8 events):
Event: 0.406 GC heap before
{Heap before GC invocations=0 (full 0):
 garbage-first heap   total 262144K, used 32768K [0x0000000080000000, 0x0000000082000040, 0x0000000100000000)
  region size 32768K, 1 young (32768K), 0 survivors (0K)
 Metaspace       used 9262K, capacity 9390K, committed 9600K, reserved 1058816K
  class space    used 1100K, capacity 1143K, committed 1152K, reserved 1048576K
Event: 0.411 GC heap after
Heap after GC invocations=1 (full 0):
 garbage-first heap   total 262144K, used 9090K [0x0000000080000000, 0x0000000082000040, 0x0000000100000000)
  region size 32768K, 1 young (32768K), 1 survivors (32768K)
 Metaspace       used 9262K, capacity 9390K, committed 9600K, reserved 1058816K
  class space    used 1100K, capacity 1143K, committed 1152K, reserved 1048576K
}
Event: 0.786 GC heap before
{Heap before GC invocations=1 (full 0):
 garbage-first heap   total 262144K, used 41858K [0x0000000080000000, 0x0000000082000040, 0x0000000100000000)
  region size 32768K, 2 young (65536K), 1 survivors (32768K)
 Metaspace       used 15717K, capacity 15920K, committed 16256K, reserved 1062912K
  class space    used 1998K, capacity 2082K, committed 2176K, reserved 1048576K
Event: 0.794 GC heap after
Heap after GC invocations=2 (full 0):
 garbage-first heap   total 262144K, used 22105K [0x0000000080000000, 0x0000000082000040, 0x0000000100000000)
  region size 32768K, 1 young (32768K), 1 survivors (32768K)
 Metaspace       used 15717K, capacity 15920K, committed 16256K, reserved 1062912K
  class space    used 1998K, capacity 2082K, committed 2176K, reserved 1048576K
}
Event: 1.923 GC heap before
{Heap before GC invocations=2 (full 0):
 garbage-first heap   total 262144K, used 54873K [0x0000000080000000, 0x0000000082000040, 0x0000000100000000)
  region size 32768K, 2 young (65536K), 1 survivors (32768K)
 Metaspace       used 20547K, capacity 20725K, committed 20992K, reserved 1067008K
  class space    used 2634K, capacity 2693K, committed 2816K, reserved 1048576K
Event: 1.934 GC heap after
Heap after GC invocations=3 (full 0):
 garbage-first heap   total 262144K, used 36411K [0x0000000080000000, 0x0000000082000040, 0x0000000100000000)
  region size 32768K, 1 young (32768K), 1 survivors (32768K)
 Metaspace       used 20547K, capacity 20725K, committed 20992K, reserved 1067008K
  class space    used 2634K, capacity 2693K, committed 2816K, reserved 1048576K
}
Event: 2.050 GC heap before
{Heap before GC invocations=3 (full 0):
 garbage-first heap   total 262144K, used 69179K [0x0000000080000000, 0x0000000082000040, 0x0000000100000000)
  region size 32768K, 2 young (65536K), 1 survivors (32768K)
 Metaspace       used 20823K, capacity 21013K, committed 21248K, reserved 1067008K
  class space    used 2667K, capacity 2725K, committed 2816K, reserved 1048576K
Event: 2.056 GC heap after
Heap after GC invocations=4 (full 0):
 garbage-first heap   total 262144K, used 33333K [0x0000000080000000, 0x0000000082000040, 0x0000000100000000)
  region size 32768K, 1 young (32768K), 1 survivors (32768K)
 Metaspace       used 20823K, capacity 21013K, committed 21248K, reserved 1067008K
  class space    used 2667K, capacity 2725K, committed 2816K, reserved 1048576K
}

